<?xml version="1.0" encoding="UTF-8"?>
<!-- Generated by org.testng.reporters.JUnitXMLReporter -->
<testsuite ignored="4" hostname="DESKTOP-85BH29A" failures="1" tests="4" name="Test" time="0.129" errors="0" timestamp="2022-08-01T18:10:17 IST">
  <testcase classname="TestngXMLStdy.TestngGroup2" name="g" time="0.016"/>
  <testcase classname="TestngXMLStdy.TestngGroup1" name="a" time="0.003"/>
  <testcase classname="TestngXMLStdy.TestngGroup1" name="b" time="0.005">
    <failure type="java.lang.AssertionError" message="null">
      <![CDATA[java.lang.AssertionError: null
at TestngXMLStdy.TestngGroup1.b(TestngGroup1.java:17)
at java.base/java.util.ArrayList.forEach(ArrayList.java:1541)
... Removed 29 stack frames]]>
    </failure>
  </testcase> <!-- b -->
  <testcase classname="TestngXMLStdy.TestngGroup1" name="d" time="0.002"/>
  <testcase classname="TestngXMLStdy.TestngGroup2" name="h" time="0.0">
    <ignored/>
  </testcase> <!-- h -->
  <testcase classname="TestngXMLStdy.TestngGroup2" name="e" time="0.0">
    <ignored/>
  </testcase> <!-- e -->
  <testcase classname="TestngXMLStdy.TestngGroup2" name="f" time="0.0">
    <ignored/>
  </testcase> <!-- f -->
  <testcase classname="TestngXMLStdy.TestngGroup1" name="c" time="0.0">
    <ignored/>
  </testcase> <!-- c -->
</testsuite> <!-- Test -->
