<?xml version="1.0" encoding="UTF-8"?>
<testng-results ignored="0" total="1" passed="1" failed="0" skipped="0">
  <reporter-output>
  </reporter-output>
  <suite started-at="2022-08-14T09:37:52 IST" name="Default suite" finished-at="2022-08-14T09:38:00 IST" duration-ms="8611">
    <groups>
    </groups>
    <test started-at="2022-08-14T09:37:52 IST" name="Default test" finished-at="2022-08-14T09:38:00 IST" duration-ms="8611">
      <class name="TestngRunMultipleClasses.LaunchingFacebook">
        <test-method signature="LaunchFB()[pri:0, instance:TestngRunMultipleClasses.LaunchingFacebook@37d4349f]" started-at="2022-08-14T09:37:52 IST" name="LaunchFB" finished-at="2022-08-14T09:38:00 IST" duration-ms="8515" status="PASS">
          <reporter-output>
          </reporter-output>
        </test-method> <!-- LaunchFB -->
      </class> <!-- TestngRunMultipleClasses.LaunchingFacebook -->
    </test> <!-- Default test -->
  </suite> <!-- Default suite -->
</testng-results>
